2024/07/25 03:32:26 [error] 25#25: *17 connect() failed (113: Host is unreachable) while connecting to upstream, client: 172.22.0.1, server: , request: "GET / HTTP/1.1", upstream: "fastcgi://172.22.0.3:9000", host: "127.0.0.1:8000"
2024/07/25 03:32:29 [error] 25#25: *17 connect() failed (113: Host is unreachable) while connecting to upstream, client: 172.22.0.1, server: , request: "GET /favicon.ico HTTP/1.1", upstream: "fastcgi://172.22.0.3:9000", host: "127.0.0.1:8000", referrer: "http://127.0.0.1:8000/"
2024/07/25 03:35:20 [notice] 1#1: signal 3 (SIGQUIT) received, shutting down
2024/07/25 03:35:20 [notice] 21#21: gracefully shutting down
2024/07/25 03:35:20 [notice] 20#20: gracefully shutting down
2024/07/25 03:35:20 [notice] 22#22: gracefully shutting down
2024/07/25 03:35:20 [notice] 23#23: gracefully shutting down
2024/07/25 03:35:20 [notice] 24#24: gracefully shutting down
2024/07/25 03:35:20 [notice] 26#26: gracefully shutting down
2024/07/25 03:35:20 [notice] 21#21: exiting
2024/07/25 03:35:20 [notice] 20#20: exiting
2024/07/25 03:35:20 [notice] 22#22: exiting
2024/07/25 03:35:20 [notice] 23#23: exiting
2024/07/25 03:35:20 [notice] 24#24: exiting
2024/07/25 03:35:20 [notice] 26#26: exiting
2024/07/25 03:35:20 [notice] 21#21: exit
2024/07/25 03:35:20 [notice] 22#22: exit
2024/07/25 03:35:20 [notice] 20#20: exit
2024/07/25 03:35:20 [notice] 26#26: exit
2024/07/25 03:35:20 [notice] 23#23: exit
2024/07/25 03:35:20 [notice] 24#24: exit
2024/07/25 03:35:20 [notice] 25#25: gracefully shutting down
2024/07/25 03:35:20 [notice] 25#25: exiting
2024/07/25 03:35:20 [notice] 27#27: gracefully shutting down
2024/07/25 03:35:20 [notice] 27#27: exiting
2024/07/25 03:35:20 [notice] 25#25: exit
2024/07/25 03:35:20 [notice] 27#27: exit
2024/07/25 03:35:21 [notice] 1#1: signal 17 (SIGCHLD) received from 27
2024/07/25 03:35:21 [notice] 1#1: worker process 21 exited with code 0
2024/07/25 03:35:21 [notice] 1#1: worker process 24 exited with code 0
2024/07/25 03:35:21 [notice] 1#1: worker process 27 exited with code 0
2024/07/25 03:35:21 [notice] 1#1: signal 29 (SIGIO) received
2024/07/25 03:35:21 [notice] 1#1: signal 17 (SIGCHLD) received from 24
2024/07/25 03:35:21 [notice] 1#1: signal 17 (SIGCHLD) received from 23
2024/07/25 03:35:21 [notice] 1#1: worker process 23 exited with code 0
2024/07/25 03:35:21 [notice] 1#1: signal 29 (SIGIO) received
2024/07/25 03:35:21 [notice] 1#1: signal 17 (SIGCHLD) received from 20
2024/07/25 03:35:21 [notice] 1#1: worker process 20 exited with code 0
2024/07/25 03:35:21 [notice] 1#1: worker process 25 exited with code 0
2024/07/25 03:35:21 [notice] 1#1: worker process 22 exited with code 0
2024/07/25 03:35:21 [notice] 1#1: worker process 26 exited with code 0
2024/07/25 03:35:21 [notice] 1#1: exit
2024/07/25 04:01:46 [notice] 1#1: using the "epoll" event method
2024/07/25 04:01:46 [notice] 1#1: nginx/1.27.0
2024/07/25 04:01:46 [notice] 1#1: built by gcc 13.2.1 20231014 (Alpine 13.2.1_git20231014) 
2024/07/25 04:01:46 [notice] 1#1: OS: Linux 6.5.0-1025-oem
2024/07/25 04:01:46 [notice] 1#1: getrlimit(RLIMIT_NOFILE): 1048576:1048576
2024/07/25 04:01:46 [notice] 1#1: start worker processes
2024/07/25 04:01:46 [notice] 1#1: start worker process 20
2024/07/25 04:01:46 [notice] 1#1: start worker process 21
2024/07/25 04:01:46 [notice] 1#1: start worker process 22
2024/07/25 04:01:46 [notice] 1#1: start worker process 23
2024/07/25 04:01:46 [notice] 1#1: start worker process 24
2024/07/25 04:01:46 [notice] 1#1: start worker process 25
2024/07/25 04:01:46 [notice] 1#1: start worker process 26
2024/07/25 04:01:46 [notice] 1#1: start worker process 27
2024/07/25 04:06:44 [notice] 1#1: signal 3 (SIGQUIT) received, shutting down
2024/07/25 04:06:44 [notice] 20#20: gracefully shutting down
2024/07/25 04:06:44 [notice] 21#21: gracefully shutting down
2024/07/25 04:06:44 [notice] 22#22: gracefully shutting down
2024/07/25 04:06:44 [notice] 23#23: gracefully shutting down
2024/07/25 04:06:44 [notice] 26#26: gracefully shutting down
2024/07/25 04:06:44 [notice] 20#20: exiting
2024/07/25 04:06:44 [notice] 21#21: exiting
2024/07/25 04:06:44 [notice] 22#22: exiting
2024/07/25 04:06:44 [notice] 23#23: exiting
2024/07/25 04:06:44 [notice] 26#26: exiting
2024/07/25 04:06:44 [notice] 20#20: exit
2024/07/25 04:06:44 [notice] 22#22: exit
2024/07/25 04:06:44 [notice] 23#23: exit
2024/07/25 04:06:44 [notice] 21#21: exit
2024/07/25 04:06:44 [notice] 26#26: exit
2024/07/25 04:06:44 [notice] 25#25: gracefully shutting down
2024/07/25 04:06:44 [notice] 25#25: exiting
2024/07/25 04:06:44 [notice] 25#25: exit
2024/07/25 04:06:44 [notice] 24#24: gracefully shutting down
2024/07/25 04:06:44 [notice] 27#27: gracefully shutting down
2024/07/25 04:06:44 [notice] 24#24: exiting
2024/07/25 04:06:44 [notice] 27#27: exiting
2024/07/25 04:06:44 [notice] 24#24: exit
2024/07/25 04:06:44 [notice] 27#27: exit
2024/07/25 04:06:44 [notice] 1#1: signal 17 (SIGCHLD) received from 26
2024/07/25 04:06:44 [notice] 1#1: worker process 26 exited with code 0
2024/07/25 04:06:44 [notice] 1#1: signal 29 (SIGIO) received
2024/07/25 04:06:44 [notice] 1#1: signal 17 (SIGCHLD) received from 23
2024/07/25 04:06:44 [notice] 1#1: worker process 23 exited with code 0
2024/07/25 04:06:44 [notice] 1#1: signal 29 (SIGIO) received
2024/07/25 04:06:44 [notice] 1#1: signal 17 (SIGCHLD) received from 25
2024/07/25 04:06:44 [notice] 1#1: worker process 21 exited with code 0
2024/07/25 04:06:44 [notice] 1#1: worker process 25 exited with code 0
2024/07/25 04:06:44 [notice] 1#1: signal 29 (SIGIO) received
2024/07/25 04:06:44 [notice] 1#1: signal 17 (SIGCHLD) received from 27
2024/07/25 04:06:44 [notice] 1#1: worker process 24 exited with code 0
2024/07/25 04:06:44 [notice] 1#1: worker process 22 exited with code 0
2024/07/25 04:06:44 [notice] 1#1: worker process 27 exited with code 0
2024/07/25 04:06:44 [notice] 1#1: signal 17 (SIGCHLD) received from 22
2024/07/25 04:06:44 [notice] 1#1: worker process 20 exited with code 0
2024/07/25 04:06:44 [notice] 1#1: exit
2024/07/25 04:06:59 [notice] 1#1: using the "epoll" event method
2024/07/25 04:06:59 [notice] 1#1: nginx/1.27.0
2024/07/25 04:06:59 [notice] 1#1: built by gcc 13.2.1 20231014 (Alpine 13.2.1_git20231014) 
2024/07/25 04:06:59 [notice] 1#1: OS: Linux 6.5.0-1025-oem
2024/07/25 04:06:59 [notice] 1#1: getrlimit(RLIMIT_NOFILE): 1048576:1048576
2024/07/25 04:06:59 [notice] 1#1: start worker processes
2024/07/25 04:06:59 [notice] 1#1: start worker process 20
2024/07/25 04:06:59 [notice] 1#1: start worker process 21
2024/07/25 04:06:59 [notice] 1#1: start worker process 22
2024/07/25 04:06:59 [notice] 1#1: start worker process 23
2024/07/25 04:06:59 [notice] 1#1: start worker process 24
2024/07/25 04:06:59 [notice] 1#1: start worker process 25
2024/07/25 04:06:59 [notice] 1#1: start worker process 26
2024/07/25 04:06:59 [notice] 1#1: start worker process 27
2024/07/25 04:07:34 [notice] 1#1: signal 3 (SIGQUIT) received, shutting down
2024/07/25 04:07:34 [notice] 20#20: gracefully shutting down
2024/07/25 04:07:34 [notice] 21#21: gracefully shutting down
2024/07/25 04:07:34 [notice] 25#25: gracefully shutting down
2024/07/25 04:07:34 [notice] 23#23: gracefully shutting down
2024/07/25 04:07:34 [notice] 21#21: exiting
2024/07/25 04:07:34 [notice] 25#25: exiting
2024/07/25 04:07:34 [notice] 23#23: exiting
2024/07/25 04:07:34 [notice] 22#22: gracefully shutting down
2024/07/25 04:07:34 [notice] 22#22: exiting
2024/07/25 04:07:34 [notice] 24#24: gracefully shutting down
2024/07/25 04:07:34 [notice] 21#21: exit
2024/07/25 04:07:34 [notice] 24#24: exiting
2024/07/25 04:07:34 [notice] 25#25: exit
2024/07/25 04:07:34 [notice] 23#23: exit
2024/07/25 04:07:34 [notice] 22#22: exit
2024/07/25 04:07:34 [notice] 24#24: exit
2024/07/25 04:07:34 [notice] 26#26: gracefully shutting down
2024/07/25 04:07:34 [notice] 26#26: exiting
2024/07/25 04:07:34 [notice] 26#26: exit
2024/07/25 04:07:34 [notice] 27#27: gracefully shutting down
2024/07/25 04:07:34 [notice] 27#27: exiting
2024/07/25 04:07:34 [notice] 27#27: exit
2024/07/25 04:07:34 [notice] 1#1: signal 17 (SIGCHLD) received from 27
2024/07/25 04:07:34 [notice] 1#1: worker process 23 exited with code 0
2024/07/25 04:07:34 [notice] 1#1: worker process 25 exited with code 0
2024/07/25 04:07:34 [notice] 1#1: worker process 27 exited with code 0
2024/07/25 04:07:34 [notice] 1#1: signal 29 (SIGIO) received
2024/07/25 04:07:34 [notice] 1#1: signal 17 (SIGCHLD) received from 23
2024/07/25 04:07:34 [notice] 1#1: signal 17 (SIGCHLD) received from 21
2024/07/25 04:07:34 [notice] 1#1: worker process 21 exited with code 0
2024/07/25 04:07:34 [notice] 1#1: signal 29 (SIGIO) received
2024/07/25 04:07:34 [notice] 1#1: signal 17 (SIGCHLD) received from 24
2024/07/25 04:07:34 [notice] 1#1: worker process 24 exited with code 0
2024/07/25 04:07:34 [notice] 1#1: signal 29 (SIGIO) received
2024/07/25 04:07:34 [notice] 1#1: signal 17 (SIGCHLD) received from 22
2024/07/25 04:07:34 [notice] 1#1: worker process 22 exited with code 0
2024/07/25 04:07:34 [notice] 1#1: signal 29 (SIGIO) received
2024/07/25 04:07:34 [notice] 1#1: signal 17 (SIGCHLD) received from 26
2024/07/25 04:07:34 [notice] 1#1: worker process 26 exited with code 0
2024/07/25 04:07:34 [notice] 1#1: signal 29 (SIGIO) received
2024/07/25 04:07:34 [notice] 20#20: exiting
2024/07/25 04:07:34 [notice] 20#20: exit
2024/07/25 04:07:34 [notice] 1#1: signal 17 (SIGCHLD) received from 20
2024/07/25 04:07:34 [notice] 1#1: worker process 20 exited with code 0
2024/07/25 04:07:34 [notice] 1#1: exit
2024/07/25 04:07:41 [notice] 1#1: using the "epoll" event method
2024/07/25 04:07:41 [notice] 1#1: nginx/1.27.0
2024/07/25 04:07:41 [notice] 1#1: built by gcc 13.2.1 20231014 (Alpine 13.2.1_git20231014) 
2024/07/25 04:07:41 [notice] 1#1: OS: Linux 6.5.0-1025-oem
2024/07/25 04:07:41 [notice] 1#1: getrlimit(RLIMIT_NOFILE): 1048576:1048576
2024/07/25 04:07:41 [notice] 1#1: start worker processes
2024/07/25 04:07:41 [notice] 1#1: start worker process 21
2024/07/25 04:07:41 [notice] 1#1: start worker process 22
2024/07/25 04:07:41 [notice] 1#1: start worker process 23
2024/07/25 04:07:41 [notice] 1#1: start worker process 24
2024/07/25 04:07:41 [notice] 1#1: start worker process 25
2024/07/25 04:07:41 [notice] 1#1: start worker process 26
2024/07/25 04:07:41 [notice] 1#1: start worker process 27
2024/07/25 04:07:41 [notice] 1#1: start worker process 28
2024/07/25 04:15:18 [notice] 1#1: signal 3 (SIGQUIT) received, shutting down
2024/07/25 04:15:18 [notice] 22#22: gracefully shutting down
2024/07/25 04:15:18 [notice] 21#21: gracefully shutting down
2024/07/25 04:15:18 [notice] 23#23: gracefully shutting down
2024/07/25 04:15:18 [notice] 22#22: exiting
2024/07/25 04:15:18 [notice] 21#21: exiting
2024/07/25 04:15:18 [notice] 23#23: exiting
2024/07/25 04:15:18 [notice] 22#22: exit
2024/07/25 04:15:18 [notice] 21#21: exit
2024/07/25 04:15:18 [notice] 23#23: exit
2024/07/25 04:15:18 [notice] 25#25: gracefully shutting down
2024/07/25 04:15:18 [notice] 27#27: gracefully shutting down
2024/07/25 04:15:18 [notice] 26#26: gracefully shutting down
2024/07/25 04:15:18 [notice] 26#26: exiting
2024/07/25 04:15:18 [notice] 28#28: gracefully shutting down
2024/07/25 04:15:18 [notice] 25#25: exiting
2024/07/25 04:15:18 [notice] 28#28: exiting
2024/07/25 04:15:18 [notice] 26#26: exit
2024/07/25 04:15:18 [notice] 25#25: exit
2024/07/25 04:15:18 [notice] 28#28: exit
2024/07/25 04:15:18 [notice] 24#24: gracefully shutting down
2024/07/25 04:15:18 [notice] 24#24: exiting
2024/07/25 04:15:18 [notice] 24#24: exit
2024/07/25 04:15:18 [notice] 1#1: signal 17 (SIGCHLD) received from 23
2024/07/25 04:15:18 [notice] 1#1: worker process 21 exited with code 0
2024/07/25 04:15:18 [notice] 1#1: worker process 23 exited with code 0
2024/07/25 04:15:18 [notice] 1#1: signal 29 (SIGIO) received
2024/07/25 04:15:18 [notice] 1#1: signal 17 (SIGCHLD) received from 21
2024/07/25 04:15:18 [notice] 1#1: signal 17 (SIGCHLD) received from 22
2024/07/25 04:15:18 [notice] 1#1: worker process 22 exited with code 0
2024/07/25 04:15:18 [notice] 1#1: signal 29 (SIGIO) received
2024/07/25 04:15:18 [notice] 1#1: signal 17 (SIGCHLD) received from 28
2024/07/25 04:15:18 [notice] 1#1: worker process 25 exited with code 0
2024/07/25 04:15:18 [notice] 1#1: worker process 28 exited with code 0
2024/07/25 04:15:18 [notice] 1#1: signal 29 (SIGIO) received
2024/07/25 04:15:18 [notice] 1#1: signal 17 (SIGCHLD) received from 25
2024/07/25 04:15:18 [notice] 1#1: signal 17 (SIGCHLD) received from 24
2024/07/25 04:15:18 [notice] 1#1: worker process 24 exited with code 0
2024/07/25 04:15:18 [notice] 1#1: signal 29 (SIGIO) received
2024/07/25 04:15:18 [notice] 1#1: signal 17 (SIGCHLD) received from 26
2024/07/25 04:15:18 [notice] 1#1: worker process 26 exited with code 0
2024/07/25 04:15:18 [notice] 1#1: signal 29 (SIGIO) received
2024/07/25 04:15:18 [notice] 27#27: exiting
2024/07/25 04:15:18 [notice] 27#27: exit
2024/07/25 04:15:19 [notice] 1#1: signal 17 (SIGCHLD) received from 27
2024/07/25 04:15:19 [notice] 1#1: worker process 27 exited with code 0
2024/07/25 04:15:19 [notice] 1#1: exit
2024/07/25 04:15:32 [notice] 1#1: using the "epoll" event method
2024/07/25 04:15:32 [notice] 1#1: nginx/1.27.0
2024/07/25 04:15:32 [notice] 1#1: built by gcc 13.2.1 20231014 (Alpine 13.2.1_git20231014) 
2024/07/25 04:15:32 [notice] 1#1: OS: Linux 6.5.0-1025-oem
2024/07/25 04:15:32 [notice] 1#1: getrlimit(RLIMIT_NOFILE): 1048576:1048576
2024/07/25 04:15:32 [notice] 1#1: start worker processes
2024/07/25 04:15:32 [notice] 1#1: start worker process 20
2024/07/25 04:15:32 [notice] 1#1: start worker process 21
2024/07/25 04:15:32 [notice] 1#1: start worker process 22
2024/07/25 04:15:32 [notice] 1#1: start worker process 23
2024/07/25 04:15:32 [notice] 1#1: start worker process 24
2024/07/25 04:15:32 [notice] 1#1: start worker process 25
2024/07/25 04:15:32 [notice] 1#1: start worker process 26
2024/07/25 04:15:32 [notice] 1#1: start worker process 27
2024/07/25 04:17:02 [notice] 1#1: signal 3 (SIGQUIT) received, shutting down
2024/07/25 04:17:02 [notice] 20#20: gracefully shutting down
2024/07/25 04:17:02 [notice] 21#21: gracefully shutting down
2024/07/25 04:17:02 [notice] 22#22: gracefully shutting down
2024/07/25 04:17:02 [notice] 20#20: exiting
2024/07/25 04:17:02 [notice] 21#21: exiting
2024/07/25 04:17:02 [notice] 22#22: exiting
2024/07/25 04:17:02 [notice] 20#20: exit
2024/07/25 04:17:02 [notice] 22#22: exit
2024/07/25 04:17:02 [notice] 21#21: exit
2024/07/25 04:17:02 [notice] 23#23: gracefully shutting down
2024/07/25 04:17:02 [notice] 25#25: gracefully shutting down
2024/07/25 04:17:02 [notice] 23#23: exiting
2024/07/25 04:17:02 [notice] 27#27: gracefully shutting down
2024/07/25 04:17:02 [notice] 25#25: exiting
2024/07/25 04:17:02 [notice] 27#27: exiting
2024/07/25 04:17:02 [notice] 23#23: exit
2024/07/25 04:17:02 [notice] 25#25: exit
2024/07/25 04:17:02 [notice] 27#27: exit
2024/07/25 04:17:02 [notice] 26#26: gracefully shutting down
2024/07/25 04:17:02 [notice] 26#26: exiting
2024/07/25 04:17:02 [notice] 26#26: exit
2024/07/25 04:17:02 [notice] 24#24: gracefully shutting down
2024/07/25 04:17:02 [notice] 24#24: exiting
2024/07/25 04:17:02 [notice] 24#24: exit
2024/07/25 04:17:02 [notice] 1#1: signal 17 (SIGCHLD) received from 24
2024/07/25 04:17:02 [notice] 1#1: worker process 24 exited with code 0
2024/07/25 04:17:02 [notice] 1#1: worker process 25 exited with code 0
2024/07/25 04:17:02 [notice] 1#1: signal 29 (SIGIO) received
2024/07/25 04:17:02 [notice] 1#1: signal 17 (SIGCHLD) received from 22
2024/07/25 04:17:02 [notice] 1#1: worker process 20 exited with code 0
2024/07/25 04:17:02 [notice] 1#1: worker process 21 exited with code 0
2024/07/25 04:17:02 [notice] 1#1: worker process 22 exited with code 0
2024/07/25 04:17:02 [notice] 1#1: worker process 23 exited with code 0
2024/07/25 04:17:02 [notice] 1#1: worker process 26 exited with code 0
2024/07/25 04:17:02 [notice] 1#1: signal 29 (SIGIO) received
2024/07/25 04:17:02 [notice] 1#1: signal 17 (SIGCHLD) received from 23
2024/07/25 04:17:02 [notice] 1#1: signal 17 (SIGCHLD) received from 27
2024/07/25 04:17:02 [notice] 1#1: worker process 27 exited with code 0
2024/07/25 04:17:02 [notice] 1#1: exit
2024/07/25 04:17:12 [notice] 1#1: using the "epoll" event method
2024/07/25 04:17:12 [notice] 1#1: nginx/1.27.0
2024/07/25 04:17:12 [notice] 1#1: built by gcc 13.2.1 20231014 (Alpine 13.2.1_git20231014) 
2024/07/25 04:17:12 [notice] 1#1: OS: Linux 6.5.0-1025-oem
2024/07/25 04:17:12 [notice] 1#1: getrlimit(RLIMIT_NOFILE): 1048576:1048576
2024/07/25 04:17:12 [notice] 1#1: start worker processes
2024/07/25 04:17:12 [notice] 1#1: start worker process 20
2024/07/25 04:17:12 [notice] 1#1: start worker process 21
2024/07/25 04:17:12 [notice] 1#1: start worker process 22
2024/07/25 04:17:12 [notice] 1#1: start worker process 23
2024/07/25 04:17:12 [notice] 1#1: start worker process 24
2024/07/25 04:17:12 [notice] 1#1: start worker process 25
2024/07/25 04:17:12 [notice] 1#1: start worker process 26
2024/07/25 04:17:12 [notice] 1#1: start worker process 27
2024/07/25 04:20:46 [notice] 1#1: signal 3 (SIGQUIT) received, shutting down
2024/07/25 04:20:46 [notice] 23#23: gracefully shutting down
2024/07/25 04:20:46 [notice] 23#23: exiting
2024/07/25 04:20:46 [notice] 23#23: exit
2024/07/25 04:20:46 [notice] 20#20: gracefully shutting down
2024/07/25 04:20:46 [notice] 20#20: exiting
2024/07/25 04:20:46 [notice] 20#20: exit
2024/07/25 04:20:46 [notice] 21#21: gracefully shutting down
2024/07/25 04:20:46 [notice] 21#21: exiting
2024/07/25 04:20:46 [notice] 21#21: exit
2024/07/25 04:20:46 [notice] 25#25: gracefully shutting down
2024/07/25 04:20:46 [notice] 25#25: exiting
2024/07/25 04:20:46 [notice] 26#26: gracefully shutting down
2024/07/25 04:20:46 [notice] 25#25: exit
2024/07/25 04:20:46 [notice] 27#27: gracefully shutting down
2024/07/25 04:20:46 [notice] 26#26: exiting
2024/07/25 04:20:46 [notice] 27#27: exiting
2024/07/25 04:20:46 [notice] 26#26: exit
2024/07/25 04:20:46 [notice] 27#27: exit
2024/07/25 04:20:46 [notice] 22#22: gracefully shutting down
2024/07/25 04:20:46 [notice] 22#22: exiting
2024/07/25 04:20:46 [notice] 22#22: exit
2024/07/25 04:20:46 [notice] 24#24: gracefully shutting down
2024/07/25 04:20:46 [notice] 24#24: exiting
2024/07/25 04:20:46 [notice] 24#24: exit
2024/07/25 04:20:46 [notice] 1#1: signal 17 (SIGCHLD) received from 26
2024/07/25 04:20:46 [notice] 1#1: worker process 21 exited with code 0
2024/07/25 04:20:46 [notice] 1#1: worker process 26 exited with code 0
2024/07/25 04:20:46 [notice] 1#1: signal 29 (SIGIO) received
2024/07/25 04:20:46 [notice] 1#1: signal 17 (SIGCHLD) received from 21
2024/07/25 04:20:46 [notice] 1#1: signal 17 (SIGCHLD) received from 27
2024/07/25 04:20:46 [notice] 1#1: worker process 23 exited with code 0
2024/07/25 04:20:46 [notice] 1#1: worker process 27 exited with code 0
2024/07/25 04:20:46 [notice] 1#1: signal 29 (SIGIO) received
2024/07/25 04:20:46 [notice] 1#1: signal 17 (SIGCHLD) received from 23
2024/07/25 04:20:46 [notice] 1#1: signal 17 (SIGCHLD) received from 22
2024/07/25 04:20:46 [notice] 1#1: worker process 20 exited with code 0
2024/07/25 04:20:46 [notice] 1#1: worker process 22 exited with code 0
2024/07/25 04:20:46 [notice] 1#1: signal 29 (SIGIO) received
2024/07/25 04:20:46 [notice] 1#1: signal 17 (SIGCHLD) received from 25
2024/07/25 04:20:46 [notice] 1#1: worker process 25 exited with code 0
2024/07/25 04:20:46 [notice] 1#1: signal 29 (SIGIO) received
2024/07/25 04:20:46 [notice] 1#1: signal 17 (SIGCHLD) received from 24
2024/07/25 04:20:46 [notice] 1#1: worker process 24 exited with code 0
2024/07/25 04:20:46 [notice] 1#1: exit
2024/07/25 04:21:14 [notice] 1#1: using the "epoll" event method
2024/07/25 04:21:14 [notice] 1#1: nginx/1.27.0
2024/07/25 04:21:14 [notice] 1#1: built by gcc 13.2.1 20231014 (Alpine 13.2.1_git20231014) 
2024/07/25 04:21:14 [notice] 1#1: OS: Linux 6.5.0-1025-oem
2024/07/25 04:21:14 [notice] 1#1: getrlimit(RLIMIT_NOFILE): 1048576:1048576
2024/07/25 04:21:14 [notice] 1#1: start worker processes
2024/07/25 04:21:14 [notice] 1#1: start worker process 21
2024/07/25 04:21:14 [notice] 1#1: start worker process 22
2024/07/25 04:21:14 [notice] 1#1: start worker process 23
2024/07/25 04:21:14 [notice] 1#1: start worker process 24
2024/07/25 04:21:14 [notice] 1#1: start worker process 25
2024/07/25 04:21:14 [notice] 1#1: start worker process 26
2024/07/25 04:21:14 [notice] 1#1: start worker process 27
2024/07/25 04:21:14 [notice] 1#1: start worker process 28
2024/07/25 04:22:47 [notice] 1#1: signal 3 (SIGQUIT) received, shutting down
2024/07/25 04:22:47 [notice] 25#25: gracefully shutting down
2024/07/25 04:22:47 [notice] 24#24: gracefully shutting down
2024/07/25 04:22:47 [notice] 25#25: exiting
2024/07/25 04:22:47 [notice] 24#24: exiting
2024/07/25 04:22:47 [notice] 21#21: gracefully shutting down
2024/07/25 04:22:47 [notice] 22#22: gracefully shutting down
2024/07/25 04:22:47 [notice] 22#22: exiting
2024/07/25 04:22:47 [notice] 25#25: exit
2024/07/25 04:22:47 [notice] 24#24: exit
2024/07/25 04:22:47 [notice] 22#22: exit
2024/07/25 04:22:47 [notice] 23#23: gracefully shutting down
2024/07/25 04:22:47 [notice] 23#23: exiting
2024/07/25 04:22:47 [notice] 23#23: exit
2024/07/25 04:22:47 [notice] 26#26: gracefully shutting down
2024/07/25 04:22:47 [notice] 26#26: exiting
2024/07/25 04:22:47 [notice] 26#26: exit
2024/07/25 04:22:47 [notice] 27#27: gracefully shutting down
2024/07/25 04:22:47 [notice] 27#27: exiting
2024/07/25 04:22:47 [notice] 27#27: exit
2024/07/25 04:22:47 [notice] 28#28: gracefully shutting down
2024/07/25 04:22:47 [notice] 28#28: exiting
2024/07/25 04:22:47 [notice] 28#28: exit
2024/07/25 04:22:48 [notice] 1#1: signal 17 (SIGCHLD) received from 23
2024/07/25 04:22:48 [notice] 1#1: worker process 23 exited with code 0
2024/07/25 04:22:48 [notice] 1#1: worker process 25 exited with code 0
2024/07/25 04:22:48 [notice] 1#1: signal 29 (SIGIO) received
2024/07/25 04:22:48 [notice] 1#1: signal 17 (SIGCHLD) received from 22
2024/07/25 04:22:48 [notice] 1#1: worker process 22 exited with code 0
2024/07/25 04:22:48 [notice] 1#1: worker process 26 exited with code 0
2024/07/25 04:22:48 [notice] 1#1: worker process 28 exited with code 0
2024/07/25 04:22:48 [notice] 1#1: signal 29 (SIGIO) received
2024/07/25 04:22:48 [notice] 1#1: signal 17 (SIGCHLD) received from 28
2024/07/25 04:22:48 [notice] 1#1: signal 17 (SIGCHLD) received from 24
2024/07/25 04:22:48 [notice] 1#1: worker process 24 exited with code 0
2024/07/25 04:22:48 [notice] 1#1: worker process 27 exited with code 0
2024/07/25 04:22:48 [notice] 1#1: signal 29 (SIGIO) received
2024/07/25 04:22:48 [notice] 21#21: exiting
2024/07/25 04:22:48 [notice] 21#21: exit
2024/07/25 04:22:48 [notice] 1#1: signal 17 (SIGCHLD) received from 21
2024/07/25 04:22:48 [notice] 1#1: worker process 21 exited with code 0
2024/07/25 04:22:48 [notice] 1#1: exit
2024/07/25 04:24:36 [notice] 1#1: using the "epoll" event method
2024/07/25 04:24:36 [notice] 1#1: nginx/1.27.0
2024/07/25 04:24:36 [notice] 1#1: built by gcc 13.2.1 20231014 (Alpine 13.2.1_git20231014) 
2024/07/25 04:24:36 [notice] 1#1: OS: Linux 6.5.0-1025-oem
2024/07/25 04:24:36 [notice] 1#1: getrlimit(RLIMIT_NOFILE): 1048576:1048576
2024/07/25 04:24:36 [notice] 1#1: start worker processes
2024/07/25 04:24:36 [notice] 1#1: start worker process 20
2024/07/25 04:24:36 [notice] 1#1: start worker process 21
2024/07/25 04:24:36 [notice] 1#1: start worker process 22
2024/07/25 04:24:36 [notice] 1#1: start worker process 23
2024/07/25 04:24:36 [notice] 1#1: start worker process 24
2024/07/25 04:24:36 [notice] 1#1: start worker process 25
2024/07/25 04:24:36 [notice] 1#1: start worker process 26
2024/07/25 04:24:36 [notice] 1#1: start worker process 27
2024/07/25 04:27:49 [notice] 1#1: signal 3 (SIGQUIT) received, shutting down
2024/07/25 04:27:49 [notice] 21#21: gracefully shutting down
2024/07/25 04:27:49 [notice] 22#22: gracefully shutting down
2024/07/25 04:27:49 [notice] 20#20: gracefully shutting down
2024/07/25 04:27:49 [notice] 21#21: exiting
2024/07/25 04:27:49 [notice] 22#22: exiting
2024/07/25 04:27:49 [notice] 20#20: exiting
2024/07/25 04:27:49 [notice] 24#24: gracefully shutting down
2024/07/25 04:27:49 [notice] 24#24: exiting
2024/07/25 04:27:49 [notice] 22#22: exit
2024/07/25 04:27:49 [notice] 21#21: exit
2024/07/25 04:27:49 [notice] 20#20: exit
2024/07/25 04:27:49 [notice] 24#24: exit
2024/07/25 04:27:49 [notice] 25#25: gracefully shutting down
2024/07/25 04:27:49 [notice] 25#25: exiting
2024/07/25 04:27:49 [notice] 25#25: exit
2024/07/25 04:27:49 [notice] 23#23: gracefully shutting down
2024/07/25 04:27:49 [notice] 23#23: exiting
2024/07/25 04:27:49 [notice] 23#23: exit
2024/07/25 04:27:49 [notice] 26#26: gracefully shutting down
2024/07/25 04:27:49 [notice] 26#26: exiting
2024/07/25 04:27:49 [notice] 26#26: exit
2024/07/25 04:27:49 [notice] 27#27: gracefully shutting down
2024/07/25 04:27:49 [notice] 27#27: exiting
2024/07/25 04:27:49 [notice] 27#27: exit
2024/07/25 04:27:49 [notice] 1#1: signal 17 (SIGCHLD) received from 25
2024/07/25 04:27:49 [notice] 1#1: worker process 25 exited with code 0
2024/07/25 04:27:49 [notice] 1#1: signal 29 (SIGIO) received
2024/07/25 04:27:49 [notice] 1#1: signal 17 (SIGCHLD) received from 24
2024/07/25 04:27:49 [notice] 1#1: worker process 24 exited with code 0
2024/07/25 04:27:49 [notice] 1#1: signal 29 (SIGIO) received
2024/07/25 04:27:49 [notice] 1#1: signal 17 (SIGCHLD) received from 20
2024/07/25 04:27:49 [notice] 1#1: worker process 20 exited with code 0
2024/07/25 04:27:49 [notice] 1#1: worker process 26 exited with code 0
2024/07/25 04:27:49 [notice] 1#1: worker process 27 exited with code 0
2024/07/25 04:27:49 [notice] 1#1: signal 29 (SIGIO) received
2024/07/25 04:27:49 [notice] 1#1: signal 17 (SIGCHLD) received from 23
2024/07/25 04:27:49 [notice] 1#1: worker process 23 exited with code 0
2024/07/25 04:27:49 [notice] 1#1: signal 29 (SIGIO) received
2024/07/25 04:27:49 [notice] 1#1: signal 17 (SIGCHLD) received from 21
2024/07/25 04:27:49 [notice] 1#1: worker process 21 exited with code 0
2024/07/25 04:27:49 [notice] 1#1: worker process 22 exited with code 0
2024/07/25 04:27:49 [notice] 1#1: exit
2024/07/25 04:28:58 [notice] 1#1: using the "epoll" event method
2024/07/25 04:28:58 [notice] 1#1: nginx/1.27.0
2024/07/25 04:28:58 [notice] 1#1: built by gcc 13.2.1 20231014 (Alpine 13.2.1_git20231014) 
2024/07/25 04:28:58 [notice] 1#1: OS: Linux 6.5.0-1025-oem
2024/07/25 04:28:58 [notice] 1#1: getrlimit(RLIMIT_NOFILE): 1048576:1048576
2024/07/25 04:28:58 [notice] 1#1: start worker processes
2024/07/25 04:28:58 [notice] 1#1: start worker process 20
2024/07/25 04:28:58 [notice] 1#1: start worker process 21
2024/07/25 04:28:58 [notice] 1#1: start worker process 22
2024/07/25 04:28:58 [notice] 1#1: start worker process 23
2024/07/25 04:28:58 [notice] 1#1: start worker process 24
2024/07/25 04:28:58 [notice] 1#1: start worker process 25
2024/07/25 04:28:58 [notice] 1#1: start worker process 26
2024/07/25 04:28:58 [notice] 1#1: start worker process 27
2024/07/25 04:33:03 [notice] 1#1: signal 3 (SIGQUIT) received, shutting down
2024/07/25 04:33:03 [notice] 20#20: gracefully shutting down
2024/07/25 04:33:03 [notice] 21#21: gracefully shutting down
2024/07/25 04:33:03 [notice] 25#25: gracefully shutting down
2024/07/25 04:33:03 [notice] 24#24: gracefully shutting down
2024/07/25 04:33:03 [notice] 20#20: exiting
2024/07/25 04:33:03 [notice] 21#21: exiting
2024/07/25 04:33:03 [notice] 25#25: exiting
2024/07/25 04:33:03 [notice] 22#22: gracefully shutting down
2024/07/25 04:33:03 [notice] 24#24: exiting
2024/07/25 04:33:03 [notice] 22#22: exiting
2024/07/25 04:33:03 [notice] 20#20: exit
2024/07/25 04:33:03 [notice] 25#25: exit
2024/07/25 04:33:03 [notice] 21#21: exit
2024/07/25 04:33:03 [notice] 24#24: exit
2024/07/25 04:33:03 [notice] 22#22: exit
2024/07/25 04:33:03 [notice] 26#26: gracefully shutting down
2024/07/25 04:33:03 [notice] 26#26: exiting
2024/07/25 04:33:03 [notice] 26#26: exit
2024/07/25 04:33:03 [notice] 23#23: gracefully shutting down
2024/07/25 04:33:03 [notice] 23#23: exiting
2024/07/25 04:33:03 [notice] 27#27: gracefully shutting down
2024/07/25 04:33:03 [notice] 27#27: exiting
2024/07/25 04:33:03 [notice] 23#23: exit
2024/07/25 04:33:03 [notice] 27#27: exit
2024/07/25 04:33:03 [notice] 1#1: signal 17 (SIGCHLD) received from 20
2024/07/25 04:33:03 [notice] 1#1: worker process 20 exited with code 0
2024/07/25 04:33:03 [notice] 1#1: worker process 27 exited with code 0
2024/07/25 04:33:03 [notice] 1#1: signal 29 (SIGIO) received
2024/07/25 04:33:03 [notice] 1#1: signal 17 (SIGCHLD) received from 27
2024/07/25 04:33:03 [notice] 1#1: worker process 26 exited with code 0
2024/07/25 04:33:03 [notice] 1#1: signal 29 (SIGIO) received
2024/07/25 04:33:03 [notice] 1#1: signal 17 (SIGCHLD) received from 26
2024/07/25 04:33:03 [notice] 1#1: signal 17 (SIGCHLD) received from 24
2024/07/25 04:33:03 [notice] 1#1: worker process 24 exited with code 0
2024/07/25 04:33:03 [notice] 1#1: worker process 25 exited with code 0
2024/07/25 04:33:03 [notice] 1#1: signal 29 (SIGIO) received
2024/07/25 04:33:03 [notice] 1#1: signal 17 (SIGCHLD) received from 25
2024/07/25 04:33:03 [notice] 1#1: signal 17 (SIGCHLD) received from 22
2024/07/25 04:33:03 [notice] 1#1: worker process 22 exited with code 0
2024/07/25 04:33:03 [notice] 1#1: signal 29 (SIGIO) received
2024/07/25 04:33:03 [notice] 1#1: signal 17 (SIGCHLD) received from 23
2024/07/25 04:33:03 [notice] 1#1: worker process 21 exited with code 0
2024/07/25 04:33:03 [notice] 1#1: worker process 23 exited with code 0
2024/07/25 04:33:03 [notice] 1#1: exit
2024/07/25 04:35:06 [notice] 1#1: using the "epoll" event method
2024/07/25 04:35:06 [notice] 1#1: nginx/1.27.0
2024/07/25 04:35:06 [notice] 1#1: built by gcc 13.2.1 20231014 (Alpine 13.2.1_git20231014) 
2024/07/25 04:35:06 [notice] 1#1: OS: Linux 6.5.0-1025-oem
2024/07/25 04:35:06 [notice] 1#1: getrlimit(RLIMIT_NOFILE): 1048576:1048576
2024/07/25 04:35:06 [notice] 1#1: start worker processes
2024/07/25 04:35:06 [notice] 1#1: start worker process 19
2024/07/25 04:35:06 [notice] 1#1: start worker process 20
2024/07/25 04:35:06 [notice] 1#1: start worker process 21
2024/07/25 04:35:06 [notice] 1#1: start worker process 22
2024/07/25 04:35:06 [notice] 1#1: start worker process 23
2024/07/25 04:35:06 [notice] 1#1: start worker process 24
2024/07/25 04:35:06 [notice] 1#1: start worker process 25
2024/07/25 04:35:06 [notice] 1#1: start worker process 26
2024/07/25 04:36:18 [notice] 1#1: signal 3 (SIGQUIT) received, shutting down
2024/07/25 04:36:18 [notice] 19#19: gracefully shutting down
2024/07/25 04:36:18 [notice] 20#20: gracefully shutting down
2024/07/25 04:36:18 [notice] 21#21: gracefully shutting down
2024/07/25 04:36:18 [notice] 19#19: exiting
2024/07/25 04:36:18 [notice] 20#20: exiting
2024/07/25 04:36:18 [notice] 21#21: exiting
2024/07/25 04:36:18 [notice] 19#19: exit
2024/07/25 04:36:18 [notice] 20#20: exit
2024/07/25 04:36:18 [notice] 21#21: exit
2024/07/25 04:36:18 [notice] 22#22: gracefully shutting down
2024/07/25 04:36:18 [notice] 22#22: exiting
2024/07/25 04:36:18 [notice] 24#24: gracefully shutting down
2024/07/25 04:36:18 [notice] 24#24: exiting
2024/07/25 04:36:18 [notice] 22#22: exit
2024/07/25 04:36:18 [notice] 24#24: exit
2024/07/25 04:36:18 [notice] 25#25: gracefully shutting down
2024/07/25 04:36:18 [notice] 26#26: gracefully shutting down
2024/07/25 04:36:18 [notice] 25#25: exiting
2024/07/25 04:36:18 [notice] 26#26: exiting
2024/07/25 04:36:18 [notice] 23#23: gracefully shutting down
2024/07/25 04:36:18 [notice] 23#23: exiting
2024/07/25 04:36:18 [notice] 25#25: exit
2024/07/25 04:36:18 [notice] 26#26: exit
2024/07/25 04:36:18 [notice] 23#23: exit
2024/07/25 04:36:18 [notice] 1#1: signal 17 (SIGCHLD) received from 23
2024/07/25 04:36:18 [notice] 1#1: worker process 20 exited with code 0
2024/07/25 04:36:18 [notice] 1#1: worker process 23 exited with code 0
2024/07/25 04:36:18 [notice] 1#1: signal 29 (SIGIO) received
2024/07/25 04:36:18 [notice] 1#1: signal 17 (SIGCHLD) received from 20
2024/07/25 04:36:18 [notice] 1#1: worker process 22 exited with code 0
2024/07/25 04:36:18 [notice] 1#1: worker process 24 exited with code 0
2024/07/25 04:36:18 [notice] 1#1: signal 29 (SIGIO) received
2024/07/25 04:36:18 [notice] 1#1: signal 17 (SIGCHLD) received from 25
2024/07/25 04:36:18 [notice] 1#1: worker process 19 exited with code 0
2024/07/25 04:36:18 [notice] 1#1: worker process 21 exited with code 0
2024/07/25 04:36:18 [notice] 1#1: worker process 25 exited with code 0
2024/07/25 04:36:18 [notice] 1#1: worker process 26 exited with code 0
2024/07/25 04:36:18 [notice] 1#1: exit
2024/07/25 04:36:28 [notice] 1#1: using the "epoll" event method
2024/07/25 04:36:28 [notice] 1#1: nginx/1.27.0
2024/07/25 04:36:28 [notice] 1#1: built by gcc 13.2.1 20231014 (Alpine 13.2.1_git20231014) 
2024/07/25 04:36:28 [notice] 1#1: OS: Linux 6.5.0-1025-oem
2024/07/25 04:36:28 [notice] 1#1: getrlimit(RLIMIT_NOFILE): 1048576:1048576
2024/07/25 04:36:28 [notice] 1#1: start worker processes
2024/07/25 04:36:28 [notice] 1#1: start worker process 20
2024/07/25 04:36:28 [notice] 1#1: start worker process 21
2024/07/25 04:36:28 [notice] 1#1: start worker process 22
2024/07/25 04:36:28 [notice] 1#1: start worker process 23
2024/07/25 04:36:28 [notice] 1#1: start worker process 24
2024/07/25 04:36:28 [notice] 1#1: start worker process 25
2024/07/25 04:36:28 [notice] 1#1: start worker process 26
2024/07/25 04:36:28 [notice] 1#1: start worker process 27
